make all --print-data-base --no-builtin-variables --no-builtin-rules --question
# GNU Make 3.82
# Built for x86_64-redhat-linux-gnu
# Copyright (C) 2010  Free Software Foundation, Inc.
# License GPLv3+: GNU GPL version 3 or later <http://gnu.org/licenses/gpl.html>
# This is free software: you are free to change and redistribute it.
# There is NO WARRANTY, to the extent permitted by law.

# Make data base, printed on Sun Aug  7 03:23:32 2022

# Variables

# automatic
<D = $(patsubst %/,%,$(dir $<))
# automatic
?F = $(notdir $?)
# default
.SHELLFLAGS := -c
# environment
VSCODE_AGENT_FOLDER = /home/ar68498/.vscode-server
# environment
VT_ROOT = /opt/intel/itac/2020.1.024
# environment
MODULEPATH = /etc/modulefiles:/usr/share/modulefiles:/usr/share/modulefiles/Linux:/usr/share/modulefiles/Core:/usr/share/lmod/lmod/modulefiles/Core
# automatic
?D = $(patsubst %/,%,$(dir $?))
# automatic
@D = $(patsubst %/,%,$(dir $@))
# automatic
@F = $(notdir $@)
# default
MAKE_VERSION := 3.82
# automatic
^D = $(patsubst %/,%,$(dir $^))
# makefile
CURDIR := /home/ar68498/coe-332/o-iss-where-art-thou
# makefile
SHELL = /bin/sh
# environment
LMOD_DIR = /usr/share/lmod/lmod/libexec
# environment
VSCODE_NLS_CONFIG = {"locale":"en","availableLanguages":{}}
# environment
INTEL_LICENSE_FILE = /opt/intel/licenses:/opt/intel/licenses:/root/intel/licenses:/opt/intel/compilers_and_libraries_2020.1.217/linux/licenses:/opt/intel/licenses:/home/ar68498/intel/licenses:/opt/intel/clck/2019.8/licensing:/opt/intel/licenses:/home/ar68498/intel/licenses:/Users/Shared/Library/Application Support/Intel/Licenses
# environment
_ = /usr/bin/make
# environment
TACC_CATCH2_LIB = /opt/local/packages-intel/lib64
# environment
TACC_SYSTEM = isp
# makefile (from `Makefile', line 1)
MAKEFILE_LIST :=  Makefile
# environment
APM = /opt/intel/advisor_2020.1.0.605410/perfmodels
# environment
HISTCONTROL = ignoredups
# environment
TBBROOT = /opt/intel/compilers_and_libraries_2020.1.217/linux/tbb
# environment
define BASH_FUNC_ml()
() {  eval $($LMOD_DIR/ml_cmd "$@")
}
endef
# environment
INFOPATH = /opt/rh/devtoolset-8/root/usr/share/info:/opt/intel/documentation_2020/en/debugger/gdb-ia/info/
# environment
PCP_DIR = /opt/rh/devtoolset-8/root
# environment
LESSOPEN = ||/usr/bin/lesspipe.sh %s
# environment
VSCODE_HANDLES_SIGPIPE = true
# environment
VT_SLIB_DIR = /opt/intel/itac/2020.1.024/intel64/slib
# environment
VSCODE_CWD = /home/ar68498
# environment
SSH_CONNECTION = 70.120.98.65 59128 129.114.60.11 22
# environment
PATH = /home/ar68498/.vscode-server/bin/b06ae3b2d2dbfe28bca3134cc6be65935cdfea6a/bin/remote-cli:/usr/bin/tester/coe322fall2021:/opt/rh/devtoolset-8/root/usr/bin:/usr/local/bin/gcc-9.1/bin:/opt/intel/intelpython3/bin:/opt/intel/intelpython3/condabin:/opt/intel/advisor_2020.1.0.605410/bin64:/opt/intel/vtune_profiler_2020.1.0.607630/bin64:/opt/intel/inspector_2020.1.0.604266/bin64:/opt/intel/itac/2020.1.024/intel64/bin:/opt/intel/itac/2020.1.024/intel64/bin:/opt/intel/clck/2019.8/bin/intel64:/opt/intel/compilers_and_libraries_2020.1.217/linux/bin/intel64:/opt/intel/compilers_and_libraries_2020.1.217/linux/bin:/opt/intel/compilers_and_libraries_2020.1.217/linux/mpi/intel64/libfabric/bin:/opt/intel/compilers_and_libraries_2020.1.217/linux/mpi/intel64/bin:/opt/intel/debugger_2020/gdb/intel64/bin:/usr/local/bin:/usr/bin:/usr/bin/tester:/usr/local/sbin:/usr/sbin:/opt/intel/parallel_studio_xe_2020.1.102/bin:/home/ar68498/.local/bin:/home/ar68498/bin
# environment
VT_ARCH = intel64
# environment
LMOD_CMD = /usr/share/lmod/lmod/libexec/lmod
# environment
CLCK_ROOT = /opt/intel/clck/2019.8
# environment
XDG_RUNTIME_DIR = /run/user/873860
# environment
LIBRARY_PATH = /opt/intel/clck/2019.8/lib/intel64:/opt/intel/compilers_and_libraries_2020.1.217/linux/mpi/intel64/libfabric/lib:/opt/intel/compilers_and_libraries_2020.1.217/linux/ipp/lib/intel64:/opt/intel/compilers_and_libraries_2020.1.217/linux/compiler/lib/intel64_lin:/opt/intel/compilers_and_libraries_2020.1.217/linux/mkl/lib/intel64_lin:/opt/intel/compilers_and_libraries_2020.1.217/linux/tbb/lib/intel64/gcc4.8:/opt/intel/compilers_and_libraries_2020.1.217/linux/tbb/lib/intel64/gcc4.8:/opt/intel/compilers_and_libraries_2020.1.217/linux/daal/lib/intel64_lin:/opt/intel/compilers_and_libraries_2020.1.217/linux/daal/../tbb/lib/intel64_lin/gcc4.4:/opt/intel/compilers_and_libraries_2020.1.217/linux/daal/../tbb/lib/intel64_lin/gcc4.8
# environment
INTEL_PYTHONHOME = /opt/intel/debugger_2020/python/intel64/
# environment
CPATH = /opt/intel/compilers_and_libraries_2020.1.217/linux/ipp/include:/opt/intel/compilers_and_libraries_2020.1.217/linux/mkl/include:/opt/intel/compilers_and_libraries_2020.1.217/linux/pstl/include:/opt/intel/compilers_and_libraries_2020.1.217/linux/pstl/stdlib:/opt/intel/compilers_and_libraries_2020.1.217/linux/tbb/include:/opt/intel/compilers_and_libraries_2020.1.217/linux/tbb/include:/opt/intel/compilers_and_libraries_2020.1.217/linux/daal/include
# environment
TACC_FAMILY_COMPILER = intel
# environment
BASH_ENV = /usr/share/lmod/lmod/init/bash
# environment
ELECTRON_RUN_AS_NODE = 1
# environment
SELINUX_USE_CURRENT_RANGE = 
# environment
LMOD_VERSION = 8.2.7
# default
.FEATURES := target-specific order-only second-expansion else-if shortest-stem undefine oneshell archives jobserver check-symlink
# environment
CPLUS_INCLUDE_PATH = /opt/intel/clck/2019.8/include
# automatic
%F = $(notdir $%)
# environment
CONDA_EXE = /opt/intel/intelpython3/bin/conda
# environment
PWD = /home/ar68498/coe-332/o-iss-where-art-thou
# environment
FI_PROVIDER_PATH = /opt/intel/compilers_and_libraries_2020.1.217/linux/mpi/intel64/libfabric/lib/prov
# environment
VSCODE_IPC_HOOK_CLI = /run/user/873860/vscode-ipc-f99802b5-60bd-4201-ada7-2c9b6a1fd400.sock
# automatic
*D = $(patsubst %/,%,$(dir $*))
# environment
PKG_CONFIG_PATH = /opt/rh/devtoolset-8/root/usr/lib64/pkgconfig:/opt/intel/advisor_2020.1.0.605410/include/pkgconfig/lib64:/opt/intel/vtune_profiler_2020.1.0.607630/include/pkgconfig/lib64:/opt/intel/inspector_2020.1.0.604266/include/pkgconfig/lib64:/opt/intel/compilers_and_libraries_2020.1.217/linux/mkl/bin/pkgconfig
# environment
MANPATH = /opt/rh/devtoolset-8/root/usr/share/man:/opt/intel/itac/2020.1.024/man:/opt/intel/clck/2019.8/man:/opt/intel/man/common:/opt/intel/compilers_and_libraries_2020.1.217/linux/mpi/man:/opt/intel/documentation_2020/en/debugger/gdb-ia/man/:/usr/share/lmod/lmod/share/man:
# environment
VSCODE_AMD_ENTRYPOINT = vs/workbench/api/node/extensionHostProcess
# environment
HOME = /home/ar68498
# environment
VT_LIB_DIR = /opt/intel/itac/2020.1.024/intel64/lib
# environment
LD_LIBRARY_PATH = /opt/rh/devtoolset-8/root/usr/lib64:/opt/rh/devtoolset-8/root/usr/lib:/opt/rh/devtoolset-8/root/usr/lib64/dyninst:/opt/rh/devtoolset-8/root/usr/lib/dyninst:/opt/rh/devtoolset-8/root/usr/lib64:/opt/rh/devtoolset-8/root/usr/lib:/opt/intel/itac/2020.1.024/intel64/slib:/opt/intel/compilers_and_libraries_2020.1.217/linux/compiler/lib/intel64_lin:/opt/intel/compilers_and_libraries_2020.1.217/linux/mpi/intel64/libfabric/lib:/opt/intel/compilers_and_libraries_2020.1.217/linux/mpi/intel64/lib/release:/opt/intel/compilers_and_libraries_2020.1.217/linux/mpi/intel64/lib:/opt/intel/compilers_and_libraries_2020.1.217/linux/ipp/lib/intel64:/opt/intel/compilers_and_libraries_2020.1.217/linux/compiler/lib/intel64_lin:/opt/intel/compilers_and_libraries_2020.1.217/linux/mkl/lib/intel64_lin:/opt/intel/compilers_and_libraries_2020.1.217/linux/tbb/lib/intel64/gcc4.8:/opt/intel/compilers_and_libraries_2020.1.217/linux/tbb/lib/intel64/gcc4.8:/opt/intel/debugger_2020/python/intel64/lib:/opt/intel/debugger_2020/libipt/intel64/lib:/opt/intel/compilers_and_libraries_2020.1.217/linux/daal/lib/intel64_lin:/opt/intel/compilers_and_libraries_2020.1.217/linux/daal/../tbb/lib/intel64_lin/gcc4.4:/opt/intel/compilers_and_libraries_2020.1.217/linux/daal/../tbb/lib/intel64_lin/gcc4.8
# environment
VT_ADD_LIBS = -ldwarf -lelf -lvtunwind -lm -lpthread
# environment
VT_MPI = impi4
# environment
PERL5LIB = /opt/rh/devtoolset-8/root//usr/lib64/perl5/vendor_perl:/opt/rh/devtoolset-8/root/usr/lib/perl5:/opt/rh/devtoolset-8/root//usr/share/perl5/vendor_perl
# environment
MODULESHOME = /usr/share/lmod/lmod
# environment
LOGNAME = ar68498
# environment
APPLICATION_INSIGHTS_NO_DIAGNOSTIC_CHANNEL = true
# environment
CONDA_PROMPT_MODIFIER = (base) 
# automatic
+F = $(notdir $+)
# environment
SELINUX_LEVEL_REQUESTED = 
# environment
VSCODE_HANDLES_UNCAUGHT_ERRORS = true
# environment
LMOD_sys = Linux
# environment
PSTLROOT = /opt/intel/compilers_and_libraries_2020.1.217/linux/pstl
# environment
HOSTNAME = isp02.tacc.utexas.edu
# environment
MAKELEVEL := 0
# environment
CONDA_DEFAULT_ENV = base
# default
MAKE = $(MAKE_COMMAND)
# default
MAKECMDGOALS := all
# environment
SHLVL = 5
# environment
INSPECTOR_2020_DIR = /opt/intel/inspector_2020.1.0.604266
# environment
XDG_SESSION_ID = 45101
# environment
USER = ar68498
# environment
MKLROOT = /opt/intel/compilers_and_libraries_2020.1.217/linux/mkl
# makefile
.DEFAULT_GOAL := 
# environment
CLASSPATH = /opt/intel/compilers_and_libraries_2020.1.217/linux/mpi/intel64/lib/mpi.jar:/opt/intel/compilers_and_libraries_2020.1.217/linux/daal/lib/daal.jar
# automatic
%D = $(patsubst %/,%,$(dir $%))
# environment
define BASH_FUNC_module()
() {  eval $($LMOD_CMD bash "$@") && eval $(${LMOD_SETTARG_CMD:-:} -s sh)
}
endef
# environment
ADVISOR_2020_DIR = /opt/intel/advisor_2020.1.0.605410
# environment
MODULEPATH_ROOT = /usr/share/modulefiles
# environment
CONDA_SHLVL = 1
# default
MAKE_COMMAND := make
# default
.VARIABLES := 
# automatic
*F = $(notdir $*)
# environment
LANGUAGE = en_US.UTF-8
# environment
PYTHONPATH = /usr/bin/tester/coe322fall2021:/opt/rh/devtoolset-8/root/usr/lib64/python2.7/site-packages:/opt/rh/devtoolset-8/root/usr/lib/python2.7/site-packages:/opt/intel/advisor_2020.1.0.605410/pythonapi
# makefile
MAKEFLAGS = Rrqp
# environment
MFLAGS = -Rrqp
# environment
SSH_CLIENT = 70.120.98.65 59128 22
# environment
MAIL = /var/spool/mail/ar68498
# automatic
+D = $(patsubst %/,%,$(dir $+))
# environment
BROWSER = /home/ar68498/.vscode-server/bin/b06ae3b2d2dbfe28bca3134cc6be65935cdfea6a/bin/helpers/browser.sh
# environment
I_MPI_ROOT = /opt/intel/compilers_and_libraries_2020.1.217/linux/mpi
# environment
LMOD_PKG = /usr/share/lmod/lmod
# environment
IPPROOT = /opt/intel/compilers_and_libraries_2020.1.217/linux/ipp
# environment
TACC_GSL_INC = /opt/local/packages-intel/gsl-lite/include
# default
MAKEFILES := 
# automatic
<F = $(notdir $<)
# environment
LC_ALL = C
# environment
CONDA_PYTHON_EXE = /opt/intel/intelpython3/bin/python
# environment
DAALROOT = /opt/intel/compilers_and_libraries_2020.1.217/linux/daal
# automatic
^F = $(notdir $^)
# environment
SELINUX_ROLE_REQUESTED = 
# environment
VTUNE_PROFILER_2020_DIR = /opt/intel/vtune_profiler_2020.1.0.607630
# default
SUFFIXES := 
# environment
HISTSIZE = 1000
# environment
_CE_M = 
# environment
NLSPATH = /opt/intel/compilers_and_libraries_2020.1.217/linux/compiler/lib/intel64/locale/%l_%t/%N:/opt/intel/compilers_and_libraries_2020.1.217/linux/mkl/lib/intel64_lin/locale/%l_%t/%N:/opt/intel/debugger_2020/gdb/intel64/share/locale/%l_%t/%N
# environment
LMOD_ROOT = /usr/share/lmod
# environment
LMOD_SETTARG_FULL_SUPPORT = no
# default
.INCLUDE_DIRS = /usr/include /usr/local/include /usr/include
# default
.RECIPEPREFIX := 
# environment
TACC_CATCH2_INC = /opt/local/packages-intel/include
# environment
CONDA_PREFIX = /opt/intel/intelpython3
# environment
_CE_CONDA = 
# environment
LANG = C
# variable set hash-table stats:
# Load=122/1024=12%, Rehash=0, Collisions=12/143=8%

# Pattern-specific Variable Values

# No pattern-specific variable values.

# Directories

# . (device 64770, inode 2048510502): 10 files, no impossibilities.

# 10 files, no impossibilities in 1 directories.

# Implicit Rules
 
make: *** No rule to make target `all'.  Stop.


# No implicit rules.

# Files

# Not a target:
all:
#  Command line target.
#  Implicit rule search has been done.
#  File does not exist.
#  File has not been updated.

# Not a target:
.SUFFIXES:
#  Implicit rule search has not been done.
#  Modification time never checked.
#  File has not been updated.

# Not a target:
Makefile:
#  Implicit rule search has been done.
#  Last modified 2022-05-03 03:06:31.106140359
#  File has been updated.
#  Successfully updated.

# Not a target:
.DEFAULT:
#  Implicit rule search has not been done.
#  Modification time never checked.
#  File has not been updated.

# files hash-table stats:
# Load=4/1024=0%, Rehash=0, Collisions=0/14=0%
# VPATH Search Paths

# No `vpath' search paths.

# No general (`VPATH' variable) search path.

# # of strings in strcache: 0 / lookups = 19 / hits = 19
# # of strcache buffers: 1 (* 8176 B/buffer = 8176 B)
# strcache used: total = 0 (138) / max = 0 / min = 8176 / avg = 0
# strcache free: total = 0 (8038) / max = 0 / min = 8176 / avg = 0

# strcache hash-table stats:
# Load=15/8192=0%, Rehash=0, Collisions=1/19=5%
# Finished Make data base on Sun Aug  7 03:23:32 2022

 
